[08-Jun-2015 23:00:06 America/New_York] PHP Notice:  Undefined index: username in /home/yxg2464/www/ISTE240/exer/ex09.php on line 29
[08-Jun-2015 23:00:06 America/New_York] PHP Notice:  Undefined index: password in /home/yxg2464/www/ISTE240/exer/ex09.php on line 30
[08-Jun-2015 23:00:07 America/New_York] PHP Warning:  mysqli::mysqli(): (HY000/2002): Can't connect to local MySQL server through socket '/tmp/mysql.sock' (2) in /home/yxg2464/www/ISTE240/exer/ex09.php on line 34
[05-Dec-2015 00:02:51 America/New_York] PHP Notice:  Undefined index: id in /home/yxg2464/www/ISTE240/exer/ex08data.php on line 17
[05-Dec-2015 00:02:51 America/New_York] PHP Notice:  Undefined index: name in /home/yxg2464/www/ISTE240/exer/ex08data.php on line 18
[05-Dec-2015 00:02:51 America/New_York] PHP Notice:  Undefined index: comment in /home/yxg2464/www/ISTE240/exer/ex08data.php on line 19
[05-Dec-2015 00:02:51 America/New_York] PHP Warning:  mysqli::mysqli(): (HY000/2002): Can't connect to local MySQL server through socket '/tmp/my[19-Jan-2016 02:37:44 America/New_York] PHP Notice:  Undefined index: username in /home/yxg2464/www/ISTE240/exer/ex09.php on line 29
[19-Jan-2016 02:37:44 America/New_York] PHP Notice:  Undefined index: password in /home/yxg2464/www/ISTE240/exer/ex09.php on line 30
[19-Jan-2016 02:37:44 America/New_York] PHP Warning:  mysqli::mysqli(): (HY000/2002): Can't connect to local MySQL server through socket '/var/lib/mysql/mysql.sock' (2) in /home/yxg2464/www/ISTE240/exer/ex09.php on line 34
[22-Jan-2016 06:03:02 America/New_York] PHP Notice:  Undefined index: id in /home/yxg2464/www/ISTE240/exer/ex08data.php on line 17
[22-Jan-2016 06:03:02 America/New_York] PHP Notice:  Undefined index: name in /home/yxg2464/www/ISTE240/exer/ex08data.php on line 18
[22-Jan-2016 06:03:02 America/New_York] PHP Notice:  Undefined index: comment in /home/yxg2464/www/ISTE240/exer/ex08data.php on line 19
[22-Jan-2016 06:03:02 America/New_York] PHP Warning:  mysqli::mysqli(): (HY000/2002): Can't connect to local MySQL server through socket '/var/lib/mysql/mysql.sock' (2) in /home/yxg2464/www/ISTE240/exer/ex08data.php on line 22
[02-Feb-2016 01:55:31 America/New_York] PHP Notice:  Undefined index: username in /home/yxg2464/www/ISTE240/exer/ex09.php on line 29
[02-Feb-2016 01:55:31 America/New_York] PHP Notice:  Undefined index: password in /home/yxg2464/www/ISTE240/exer/ex09.php on line 30
[02-Feb-2016 01:55:31 America/New_York] PHP Warning:  mysqli::mysqli(): (HY000/2002): Can't connect to local MySQL server through socket '/var/lib/mysql/mysql.sock' (2) in /home/yxg2464/www/ISTE240/exer/ex09.php on line 34
[02-Feb-2016 15:52:27 America/New_York] PHP Notice:  Undefined index: id in /home/yxg2464/www/ISTE240/exer/ex08data.php on line 17
[02-Feb-2016 15:52:27 America/New_York] PHP Notice:  Undefined index: name in /home/yxg2464/www/ISTE240/exer/ex08data.php on line 18
[02-Feb-2016 15:52:27 America/New_York] PHP Notice:  Undefined index: comment in /home/yxg2464/www/ISTE240/exer/ex08data.php on line 19
[02-Feb-2016 15:52:27 America/New_York] PHP Warning:  mysqli::mysqli(): (HY000/2002): Can't connect to local MySQL server through socket '/var/lib/mysql/mysql.sock' (2) in /home/yxg2464/www/ISTE240/exer/ex08data.php on line 22
[10-Feb-2016 20:58:40 America/New_York] PHP Notice:  Undefined index: username in /home/yxg2464/www/ISTE240/exer/ex09.php on line 29
[10-Feb-2016 20:58:40 America/New_York] PHP Notice:  Undefined index: password in /home/yxg2464/www/ISTE240/exer/ex09.php on line 30
[10-Feb-2016 20:58:40 America/New_York] PHP Warning:  mysqli::mysqli(): (HY000/2002): Can't connect to local MySQL server through socket '/var/lib/mysql/mysql.sock' (2) in /home/yxg2464/www/ISTE240/exer/ex09.php on line 34
[11-Feb-2016 15:03:45 America/New_York] PHP Notice:  Undefined index: id in /home/yxg2464/www/ISTE240/exer/ex08data.php on line 17
[11-Feb-2016 15:03:45 America/New_York] PHP Notice:  Undefined index: name in /home/yxg2464/www/ISTE240/exer/ex08data.php on line 18
[11-Feb-2016 15:03:45 America/New_York] PHP Notice:  Undefined index: comment in /home/yxg2464/www/ISTE240/exer/ex08data.php on line 19
[11-Feb-2016 15:03:45 America/New_York] PHP Warning:  mysqli::mysqli(): (HY000/2002): Can't connect to local MySQL server through socket '/var/lib/mysql/mysql.sock' (2) in /home/yxg2464/www/ISTE240/exer/ex08data.php on line 22
[12-Feb-2016 11:02:36 America/New_York] PHP Notice:  Undefined index: Name in /home/yxg2464/www/ISTE240/final/comments.php on line 45
[12-Feb-2016 11:02:36 America/New_York] PHP Notice:  Undefined index: Comment in /home/yxg2464/www/ISTE240/final/comments.php on line 46
[12-Feb-2016 11:02:36 America/New_York] PHP Warning:  mysqli::mysqli(): (HY000/2002): Can't connect to local MySQL server through socket '/var/lib/mysql/mysql.sock' (2) in /home/yxg2464/www/ISTE240/final/comments.php on line 49
[14-Feb-2016 00:09:27 America/New_York] PHP Notice:  Undefined index: id in /home/yxg2464/www/ISTE240/exer/ex08data.php on line 17
[14-Feb-2016 00:09:27 America/New_York] PHP Notice:  Undefined index: name in /home/yxg2464/www/ISTE240/exer/ex08data.php on line 18
[14-Feb-2016 00:09:27 America/New_York] PHP Notice:  Undefined index: comment in /home/yxg2464/www/ISTE240/exer/ex08data.php on line 19
[14-Feb-2016 00:09:27 America/New_York] PHP Warning:  mysqli::mysqli(): (HY000/2002): Can't connect to local MySQL server through socket '/var/lib/mysql/mysql.sock' (2) in /home/yxg2464/www/ISTE240/exer/ex08data.php on line 22
[14-Feb-2016 20:51:24 America/New_York] PHP Notice:  Undefined index: Name in /home/yxg2464/www/ISTE240/final/comments.php on line 45
[14-Feb-2016 20:51:24 America/New_York] PHP Notice:  Undefined index: Comment in /home/yxg2464/www/ISTE240/final/comments.php on line 46
[14-Feb-2016 20:51:24 America/New_York] PHP Warning:  mysqli::mysqli(): (HY000/2002): Can't connect to local MySQL server through socket '/var/lib/mysql/mysql.sock' (2) in /home/yxg2464/www/ISTE240/final/comments.php on line 49
[15-Feb-2016 10:51:03 America/New_York] PHP Notice:  Undefined index: id in /home/yxg2464/www/ISTE240/exer/ex08data.php on line 17
[15-Feb-2016 10:51:03 America/New_York] PHP Notice:  Undefined index: name in /home/yxg2464/www/ISTE240/exer/ex08data.php on line 18
[15-Feb-2016 10:51:03 America/New_York] PHP Notice:  Undefined index: comment in /home/yxg2464/www/ISTE240/exer/ex08data.php on line 19
[15-Feb-2016 10:51:03 America/New_York] PHP Warning:  mysqli::mysqli(): (HY000/2002): Can't connect to local MySQL server through socket '/var/lib/mysql/mysql.sock' (2) in /home/yxg2464/www/ISTE240/exer/ex08data.php on line 22
[15-Feb-2016 10:51:06 America/New_York] PHP Notice:  Undefined index: username in /home/yxg2464/www/ISTE240/exer/ex09.php on line 29
[15-Feb-2016 10:51:06 America/New_York] PHP Notice:  Undefined index: password in /home/yxg2464/www/ISTE240/exer/ex09.php on line 30
[15-Feb-2016 10:51:06 America/New_York] PHP Warning:  mysqli::mysqli(): (HY000/2002): Can't connect to local MySQL server through socket '/var/lib/mysql/mysql.sock' (2) in /home/yxg2464/www/ISTE240/exer/ex09.php on line 34
